2021-06-22 00:01:03 [restartedMain] INFO  com.stu.nebulablog.NebulaBlogRefactorApplication - Starting NebulaBlogRefactorApplication using Java 11.0.6 on DESKTOP-K2CUFMB with PID 15212 (E:\GitHub\nebula-blog\target\classes started by sakuraski in E:\GitHub\nebula-blog)
2021-06-22 00:01:03 [restartedMain] INFO  com.stu.nebulablog.NebulaBlogRefactorApplication - No active profile set, falling back to default profiles: default
2021-06-22 00:01:03 [background-preinit] INFO  org.hibernate.validator.internal.util.Version - HV000001: Hibernate Validator 6.1.7.Final
2021-06-22 00:01:04 [restartedMain] DEBUG org.apache.ibatis.logging.LogFactory - Logging initialized using 'class org.apache.ibatis.logging.slf4j.Slf4jImpl' adapter.
2021-06-22 00:01:04 [restartedMain] INFO  org.apache.coyote.http11.Http11NioProtocol - Initializing ProtocolHandler ["http-nio-8080"]
2021-06-22 00:01:04 [restartedMain] INFO  org.apache.catalina.core.StandardService - Starting service [Tomcat]
2021-06-22 00:01:04 [restartedMain] INFO  org.apache.catalina.core.StandardEngine - Starting Servlet engine: [Apache Tomcat/9.0.43]
2021-06-22 00:01:05 [restartedMain] INFO  o.a.c.core.ContainerBase.[Tomcat].[localhost].[/] - Initializing Spring embedded WebApplicationContext
2021-06-22 00:01:07 [restartedMain] INFO  org.apache.coyote.http11.Http11NioProtocol - Starting ProtocolHandler ["http-nio-8080"]
2021-06-22 00:01:07 [restartedMain] INFO  com.stu.nebulablog.NebulaBlogRefactorApplication - Started NebulaBlogRefactorApplication in 4.755 seconds (JVM running for 6.48)
2021-06-22 00:01:10 [http-nio-8080-exec-3] INFO  o.a.c.core.ContainerBase.[Tomcat].[localhost].[/] - Initializing Spring DispatcherServlet 'dispatcherServlet'
2021-06-22 00:01:10 [http-nio-8080-exec-3] WARN  org.apache.catalina.util.SessionIdGeneratorBase - Creation of SecureRandom instance for session ID generation using [SHA1PRNG] took [873] milliseconds.
2021-06-22 00:02:26 [background-preinit] INFO  org.hibernate.validator.internal.util.Version - HV000001: Hibernate Validator 6.1.7.Final
2021-06-22 00:02:26 [restartedMain] INFO  com.stu.nebulablog.NebulaBlogRefactorApplication - Starting NebulaBlogRefactorApplication using Java 11.0.6 on DESKTOP-K2CUFMB with PID 17388 (E:\GitHub\nebula-blog\target\classes started by sakuraski in E:\GitHub\nebula-blog)
2021-06-22 00:02:26 [restartedMain] INFO  com.stu.nebulablog.NebulaBlogRefactorApplication - No active profile set, falling back to default profiles: default
2021-06-22 00:02:27 [restartedMain] DEBUG org.apache.ibatis.logging.LogFactory - Logging initialized using 'class org.apache.ibatis.logging.slf4j.Slf4jImpl' adapter.
2021-06-22 00:02:27 [restartedMain] INFO  org.apache.coyote.http11.Http11NioProtocol - Initializing ProtocolHandler ["http-nio-8080"]
2021-06-22 00:02:27 [restartedMain] INFO  org.apache.catalina.core.StandardService - Starting service [Tomcat]
2021-06-22 00:02:27 [restartedMain] INFO  org.apache.catalina.core.StandardEngine - Starting Servlet engine: [Apache Tomcat/9.0.43]
2021-06-22 00:02:29 [restartedMain] INFO  o.a.c.core.ContainerBase.[Tomcat].[localhost].[/] - Initializing Spring embedded WebApplicationContext
2021-06-22 00:02:32 [restartedMain] INFO  org.apache.coyote.http11.Http11NioProtocol - Starting ProtocolHandler ["http-nio-8080"]
2021-06-22 00:02:32 [restartedMain] INFO  com.stu.nebulablog.NebulaBlogRefactorApplication - Started NebulaBlogRefactorApplication in 6.708 seconds (JVM running for 8.672)
2021-06-22 00:02:32 [http-nio-8080-exec-1] INFO  o.a.c.core.ContainerBase.[Tomcat].[localhost].[/] - Initializing Spring DispatcherServlet 'dispatcherServlet'
2021-06-22 00:02:33 [http-nio-8080-exec-1] WARN  org.apache.catalina.util.SessionIdGeneratorBase - Creation of SecureRandom instance for session ID generation using [SHA1PRNG] took [1,069] milliseconds.
