2021-06-21 20:55:59 org.apache.ibatis.logging.LogFactory - Logging initialized using 'class org.apache.ibatis.logging.slf4j.Slf4jImpl' adapter.
2021-06-21 20:56:31 c.s.n.mapper.ArticleMapper.selectPage_mpCount - ==>  Preparing: SELECT COUNT(*) FROM article
2021-06-21 20:56:31 c.s.n.mapper.ArticleMapper.selectPage_mpCount - ==> Parameters: 
2021-06-21 20:56:31 c.s.n.mapper.ArticleMapper.selectPage_mpCount - <==      Total: 1
2021-06-21 20:56:31 com.stu.nebulablog.mapper.ArticleMapper.selectPage - ==>  Preparing: SELECT art_id,title,author,date FROM article LIMIT ?
2021-06-21 20:56:31 com.stu.nebulablog.mapper.ArticleMapper.selectPage - ==> Parameters: 5(Long)
2021-06-21 20:56:31 com.stu.nebulablog.mapper.ArticleMapper.selectPage - <==      Total: 5
2021-06-21 20:58:01 org.apache.ibatis.logging.LogFactory - Logging initialized using 'class org.apache.ibatis.logging.slf4j.Slf4jImpl' adapter.
2021-06-21 20:58:04 c.s.n.mapper.ArticleMapper.selectPage_mpCount - ==>  Preparing: SELECT COUNT(*) FROM article
2021-06-21 20:58:04 c.s.n.mapper.ArticleMapper.selectPage_mpCount - ==> Parameters: 
2021-06-21 20:58:04 c.s.n.mapper.ArticleMapper.selectPage_mpCount - <==      Total: 1
2021-06-21 20:58:04 com.stu.nebulablog.mapper.ArticleMapper.selectPage - ==>  Preparing: SELECT art_id,title,author,date FROM article LIMIT ?
2021-06-21 20:58:04 com.stu.nebulablog.mapper.ArticleMapper.selectPage - ==> Parameters: 5(Long)
2021-06-21 20:58:04 com.stu.nebulablog.mapper.ArticleMapper.selectPage - <==      Total: 5
2021-06-21 21:07:08 org.apache.ibatis.logging.LogFactory - Logging initialized using 'class org.apache.ibatis.logging.slf4j.Slf4jImpl' adapter.
2021-06-21 21:07:12 c.s.n.mapper.ArticleMapper.selectPage_mpCount - ==>  Preparing: SELECT COUNT(*) FROM article
2021-06-21 21:07:13 c.s.n.mapper.ArticleMapper.selectPage_mpCount - ==> Parameters: 
2021-06-21 21:07:13 c.s.n.mapper.ArticleMapper.selectPage_mpCount - <==      Total: 1
2021-06-21 21:07:13 com.stu.nebulablog.mapper.ArticleMapper.selectPage - ==>  Preparing: SELECT articleId,title,author,date FROM article LIMIT ?
2021-06-21 21:07:13 com.stu.nebulablog.mapper.ArticleMapper.selectPage - ==> Parameters: 5(Long)
2021-06-21 21:08:21 org.apache.ibatis.logging.LogFactory - Logging initialized using 'class org.apache.ibatis.logging.slf4j.Slf4jImpl' adapter.
2021-06-21 21:11:21 org.apache.ibatis.logging.LogFactory - Logging initialized using 'class org.apache.ibatis.logging.slf4j.Slf4jImpl' adapter.
2021-06-21 21:11:26 com.stu.nebulablog.mapper.ArticleMapper.selectList - ==>  Preparing: SELECT art_id AS articleId,uid,author,title,content,date FROM article
2021-06-21 21:11:26 com.stu.nebulablog.mapper.ArticleMapper.selectList - ==> Parameters: 
2021-06-21 21:11:26 com.stu.nebulablog.mapper.ArticleMapper.selectList - <==      Total: 7
2021-06-21 21:12:42 org.apache.ibatis.logging.LogFactory - Logging initialized using 'class org.apache.ibatis.logging.slf4j.Slf4jImpl' adapter.
2021-06-21 21:12:46 com.stu.nebulablog.mapper.ArticleMapper.selectList - ==>  Preparing: SELECT art_id,content FROM article
2021-06-21 21:12:46 com.stu.nebulablog.mapper.ArticleMapper.selectList - ==> Parameters: 
2021-06-21 21:12:46 com.stu.nebulablog.mapper.ArticleMapper.selectList - <==      Total: 7
2021-06-21 21:12:46 com.stu.nebulablog.mapper.ArticleMapper.selectList - ==>  Preparing: SELECT art_id AS articleId,uid,author,title,content,date FROM article
2021-06-21 21:12:46 com.stu.nebulablog.mapper.ArticleMapper.selectList - ==> Parameters: 
2021-06-21 21:12:46 com.stu.nebulablog.mapper.ArticleMapper.selectList - <==      Total: 7
2021-06-21 21:16:23 org.apache.ibatis.logging.LogFactory - Logging initialized using 'class org.apache.ibatis.logging.slf4j.Slf4jImpl' adapter.
2021-06-21 21:21:53 org.apache.ibatis.logging.LogFactory - Logging initialized using 'class org.apache.ibatis.logging.slf4j.Slf4jImpl' adapter.
2021-06-21 21:21:57 com.stu.nebulablog.mapper.ArticleMapper.selectList - ==>  Preparing: SELECT art_id AS articleId FROM article
2021-06-21 21:21:57 com.stu.nebulablog.mapper.ArticleMapper.selectList - ==> Parameters: 
2021-06-21 21:21:57 com.stu.nebulablog.mapper.ArticleMapper.selectList - <==      Total: 7
2021-06-21 21:21:57 com.stu.nebulablog.mapper.ArticleMapper.selectList - ==>  Preparing: SELECT art_id AS articleId,uid,author,title,content,date FROM article
2021-06-21 21:21:57 com.stu.nebulablog.mapper.ArticleMapper.selectList - ==> Parameters: 
2021-06-21 21:21:57 com.stu.nebulablog.mapper.ArticleMapper.selectList - <==      Total: 7
2021-06-21 21:22:25 org.apache.ibatis.logging.LogFactory - Logging initialized using 'class org.apache.ibatis.logging.slf4j.Slf4jImpl' adapter.
2021-06-21 21:23:23 org.apache.ibatis.logging.LogFactory - Logging initialized using 'class org.apache.ibatis.logging.slf4j.Slf4jImpl' adapter.
2021-06-21 21:23:28 com.stu.nebulablog.mapper.ArticleMapper.selectList - ==>  Preparing: SELECT art_id AS articleId FROM article
2021-06-21 21:23:28 com.stu.nebulablog.mapper.ArticleMapper.selectList - ==> Parameters: 
2021-06-21 21:23:28 com.stu.nebulablog.mapper.ArticleMapper.selectList - <==      Total: 7
2021-06-21 21:23:28 com.stu.nebulablog.mapper.ArticleMapper.selectList - ==>  Preparing: SELECT art_id AS articleId,uid,author,title,content,date FROM article
2021-06-21 21:23:28 com.stu.nebulablog.mapper.ArticleMapper.selectList - ==> Parameters: 
2021-06-21 21:23:28 com.stu.nebulablog.mapper.ArticleMapper.selectList - <==      Total: 7
2021-06-21 21:27:24 org.apache.ibatis.logging.LogFactory - Logging initialized using 'class org.apache.ibatis.logging.slf4j.Slf4jImpl' adapter.
2021-06-21 21:27:28 com.stu.nebulablog.mapper.ArticleMapper.selectList - ==>  Preparing: SELECT art_id AS articleId FROM article
2021-06-21 21:27:28 com.stu.nebulablog.mapper.ArticleMapper.selectList - ==> Parameters: 
2021-06-21 21:27:28 com.stu.nebulablog.mapper.ArticleMapper.selectList - <==      Total: 7
2021-06-21 21:27:28 com.stu.nebulablog.mapper.ArticleMapper.selectList - ==>  Preparing: SELECT art_id AS articleId,uid,author,title,content,date FROM article
2021-06-21 21:27:28 com.stu.nebulablog.mapper.ArticleMapper.selectList - ==> Parameters: 
2021-06-21 21:27:28 com.stu.nebulablog.mapper.ArticleMapper.selectList - <==      Total: 7
2021-06-21 21:28:17 org.apache.ibatis.logging.LogFactory - Logging initialized using 'class org.apache.ibatis.logging.slf4j.Slf4jImpl' adapter.
2021-06-21 21:28:21 com.stu.nebulablog.mapper.ArticleMapper.selectList - ==>  Preparing: SELECT art_id AS articleId FROM article
2021-06-21 21:28:21 com.stu.nebulablog.mapper.ArticleMapper.selectList - ==> Parameters: 
2021-06-21 21:28:21 com.stu.nebulablog.mapper.ArticleMapper.selectList - <==      Total: 7
2021-06-21 21:28:21 com.stu.nebulablog.mapper.ArticleMapper.selectList - ==>  Preparing: SELECT art_id AS articleId,uid,author,title,content,date FROM article
2021-06-21 21:28:21 com.stu.nebulablog.mapper.ArticleMapper.selectList - ==> Parameters: 
2021-06-21 21:28:21 com.stu.nebulablog.mapper.ArticleMapper.selectList - <==      Total: 7
2021-06-21 21:31:45 org.apache.ibatis.logging.LogFactory - Logging initialized using 'class org.apache.ibatis.logging.slf4j.Slf4jImpl' adapter.
2021-06-21 21:31:49 com.stu.nebulablog.mapper.ArticleMapper.selectList - ==>  Preparing: SELECT art_id AS articleId,content FROM article
2021-06-21 21:31:49 com.stu.nebulablog.mapper.ArticleMapper.selectList - ==> Parameters: 
2021-06-21 21:31:49 com.stu.nebulablog.mapper.ArticleMapper.selectList - <==      Total: 7
2021-06-21 21:31:49 com.stu.nebulablog.mapper.ArticleMapper.selectList - ==>  Preparing: SELECT art_id AS articleId,uid,author,title,content,date FROM article
2021-06-21 21:31:49 com.stu.nebulablog.mapper.ArticleMapper.selectList - ==> Parameters: 
2021-06-21 21:31:49 com.stu.nebulablog.mapper.ArticleMapper.selectList - <==      Total: 7
2021-06-21 21:42:15 org.apache.ibatis.logging.LogFactory - Logging initialized using 'class org.apache.ibatis.logging.slf4j.Slf4jImpl' adapter.
2021-06-21 21:42:19 com.stu.nebulablog.mapper.ArticleMapper.selectList - ==>  Preparing: SELECT art_id AS articleId,content FROM article
2021-06-21 21:42:20 com.stu.nebulablog.mapper.ArticleMapper.selectList - ==> Parameters: 
2021-06-21 21:42:20 com.stu.nebulablog.mapper.ArticleMapper.selectList - <==      Total: 7
2021-06-21 21:42:20 com.stu.nebulablog.mapper.ArticleMapper.selectList - ==>  Preparing: SELECT art_id AS articleId,uid,author,title,content,date FROM article
2021-06-21 21:42:20 com.stu.nebulablog.mapper.ArticleMapper.selectList - ==> Parameters: 
2021-06-21 21:42:20 com.stu.nebulablog.mapper.ArticleMapper.selectList - <==      Total: 7
2021-06-21 21:42:20 org.apache.ibatis.logging.LogFactory - Logging initialized using 'class org.apache.ibatis.logging.slf4j.Slf4jImpl' adapter.
2021-06-21 21:42:33 c.s.n.mapper.ArticleMapper.selectPage_mpCount - ==>  Preparing: SELECT COUNT(*) FROM article
2021-06-21 21:42:33 c.s.n.mapper.ArticleMapper.selectPage_mpCount - ==> Parameters: 
2021-06-21 21:42:33 c.s.n.mapper.ArticleMapper.selectPage_mpCount - <==      Total: 1
2021-06-21 21:42:33 com.stu.nebulablog.mapper.ArticleMapper.selectPage - ==>  Preparing: SELECT art_id AS articleId,author,title,date FROM article LIMIT ?
2021-06-21 21:42:33 com.stu.nebulablog.mapper.ArticleMapper.selectPage - ==> Parameters: 5(Long)
2021-06-21 21:42:33 com.stu.nebulablog.mapper.ArticleMapper.selectPage - <==      Total: 5
2021-06-21 21:45:44 org.apache.ibatis.logging.LogFactory - Logging initialized using 'class org.apache.ibatis.logging.slf4j.Slf4jImpl' adapter.
2021-06-21 21:46:18 c.s.n.mapper.ArticleMapper.selectPage_mpCount - ==>  Preparing: SELECT COUNT(*) FROM article
2021-06-21 21:46:18 c.s.n.mapper.ArticleMapper.selectPage_mpCount - ==> Parameters: 
2021-06-21 21:46:18 c.s.n.mapper.ArticleMapper.selectPage_mpCount - <==      Total: 1
2021-06-21 21:46:18 com.stu.nebulablog.mapper.ArticleMapper.selectPage - ==>  Preparing: SELECT art_id AS articleId,author,title,date FROM article LIMIT ?
2021-06-21 21:46:18 com.stu.nebulablog.mapper.ArticleMapper.selectPage - ==> Parameters: 5(Long)
2021-06-21 21:46:18 com.stu.nebulablog.mapper.ArticleMapper.selectPage - <==      Total: 5
2021-06-21 22:30:12 c.s.n.mapper.ArticleMapper.selectPage_mpCount - ==>  Preparing: SELECT COUNT(*) FROM article
2021-06-21 22:30:12 c.s.n.mapper.ArticleMapper.selectPage_mpCount - ==> Parameters: 
2021-06-21 22:30:12 c.s.n.mapper.ArticleMapper.selectPage_mpCount - <==      Total: 1
2021-06-21 22:30:12 com.stu.nebulablog.mapper.ArticleMapper.selectPage - ==>  Preparing: SELECT art_id AS articleId,author,title,date FROM article LIMIT ?
2021-06-21 22:30:12 com.stu.nebulablog.mapper.ArticleMapper.selectPage - ==> Parameters: 5(Long)
2021-06-21 22:30:12 com.stu.nebulablog.mapper.ArticleMapper.selectPage - <==      Total: 5
2021-06-21 22:30:20 org.apache.ibatis.logging.LogFactory - Logging initialized using 'class org.apache.ibatis.logging.slf4j.Slf4jImpl' adapter.
2021-06-21 22:33:03 org.apache.ibatis.logging.LogFactory - Logging initialized using 'class org.apache.ibatis.logging.slf4j.Slf4jImpl' adapter.
2021-06-21 22:35:09 org.apache.ibatis.logging.LogFactory - Logging initialized using 'class org.apache.ibatis.logging.slf4j.Slf4jImpl' adapter.
2021-06-21 22:35:22 c.s.n.mapper.ArticleMapper.selectPage_mpCount - ==>  Preparing: SELECT COUNT(*) FROM article
2021-06-21 22:35:22 c.s.n.mapper.ArticleMapper.selectPage_mpCount - ==> Parameters: 
2021-06-21 22:35:22 c.s.n.mapper.ArticleMapper.selectPage_mpCount - <==      Total: 1
2021-06-21 22:35:22 com.stu.nebulablog.mapper.ArticleMapper.selectPage - ==>  Preparing: SELECT art_id AS articleId,author,title,date FROM article LIMIT ?
2021-06-21 22:35:22 com.stu.nebulablog.mapper.ArticleMapper.selectPage - ==> Parameters: 5(Long)
2021-06-21 22:35:22 com.stu.nebulablog.mapper.ArticleMapper.selectPage - <==      Total: 5
2021-06-21 22:37:35 com.stu.nebulablog.mapper.ArticleMapper.selectById - ==>  Preparing: SELECT art_id AS articleId,uid,author,title,content,date FROM article WHERE art_id=?
2021-06-21 22:37:35 com.stu.nebulablog.mapper.ArticleMapper.selectById - ==> Parameters: 1(Integer)
2021-06-21 22:37:35 com.stu.nebulablog.mapper.ArticleMapper.selectById - <==      Total: 1
2021-06-21 22:53:03 org.apache.ibatis.logging.LogFactory - Logging initialized using 'class org.apache.ibatis.logging.slf4j.Slf4jImpl' adapter.
2021-06-21 22:54:46 org.apache.ibatis.logging.LogFactory - Logging initialized using 'class org.apache.ibatis.logging.slf4j.Slf4jImpl' adapter.
2021-06-21 22:54:50 com.stu.nebulablog.mapper.UserInfoMapper.selectOne - ==>  Preparing: SELECT username FROM user_info WHERE (uid = ?)
2021-06-21 22:54:50 com.stu.nebulablog.mapper.UserInfoMapper.selectOne - ==> Parameters: 1(Integer)
2021-06-21 22:54:50 com.stu.nebulablog.mapper.UserInfoMapper.selectOne - <==      Total: 1
2021-06-21 22:54:50 c.stu.nebulablog.mapper.ArticleMapper.selectCount - ==>  Preparing: SELECT COUNT( * ) FROM article WHERE (uid = ? AND title = ?)
2021-06-21 22:54:50 c.stu.nebulablog.mapper.ArticleMapper.selectCount - ==> Parameters: 1(Integer), ddd(String)
2021-06-21 22:54:50 c.stu.nebulablog.mapper.ArticleMapper.selectCount - <==      Total: 1
2021-06-21 22:56:18 org.apache.ibatis.logging.LogFactory - Logging initialized using 'class org.apache.ibatis.logging.slf4j.Slf4jImpl' adapter.
2021-06-21 22:56:23 com.stu.nebulablog.mapper.UserInfoMapper.selectOne - ==>  Preparing: SELECT username FROM user_info WHERE (uid = ?)
2021-06-21 22:56:23 com.stu.nebulablog.mapper.UserInfoMapper.selectOne - ==> Parameters: 1(Integer)
2021-06-21 22:56:23 com.stu.nebulablog.mapper.UserInfoMapper.selectOne - <==      Total: 1
2021-06-21 22:56:23 c.stu.nebulablog.mapper.ArticleMapper.selectCount - ==>  Preparing: SELECT COUNT( * ) FROM article WHERE (uid = ? AND title = ?)
2021-06-21 22:56:23 c.stu.nebulablog.mapper.ArticleMapper.selectCount - ==> Parameters: 1(Integer), ddd(String)
2021-06-21 22:56:23 c.stu.nebulablog.mapper.ArticleMapper.selectCount - <==      Total: 1
2021-06-21 23:00:17 org.apache.ibatis.logging.LogFactory - Logging initialized using 'class org.apache.ibatis.logging.slf4j.Slf4jImpl' adapter.
2021-06-21 23:00:21 com.stu.nebulablog.mapper.UserInfoMapper.selectOne - ==>  Preparing: SELECT username FROM user_info WHERE (uid = ?)
2021-06-21 23:00:21 com.stu.nebulablog.mapper.UserInfoMapper.selectOne - ==> Parameters: 1(Integer)
2021-06-21 23:00:21 com.stu.nebulablog.mapper.UserInfoMapper.selectOne - <==      Total: 1
2021-06-21 23:00:21 c.stu.nebulablog.mapper.ArticleMapper.selectCount - ==>  Preparing: SELECT COUNT( * ) FROM article WHERE (uid = ? AND title = ?)
2021-06-21 23:00:21 c.stu.nebulablog.mapper.ArticleMapper.selectCount - ==> Parameters: 1(Integer), ddd(String)
2021-06-21 23:00:21 c.stu.nebulablog.mapper.ArticleMapper.selectCount - <==      Total: 1
2021-06-21 23:00:21 com.stu.nebulablog.mapper.ArticleMapper.insert - ==>  Preparing: INSERT INTO article ( uid, author, title, content, date ) VALUES ( ?, ?, ?, ?, ? )
2021-06-21 23:00:21 com.stu.nebulablog.mapper.ArticleMapper.insert - ==> Parameters: 1(Integer), root(String), ddd(String), eee(String), 2021-06-21 23:00:21.798(Timestamp)
2021-06-21 23:00:21 com.stu.nebulablog.mapper.ArticleMapper.insert - <==    Updates: 1
2021-06-21 23:06:51 org.apache.ibatis.logging.LogFactory - Logging initialized using 'class org.apache.ibatis.logging.slf4j.Slf4jImpl' adapter.
2021-06-21 23:06:55 c.s.n.mapper.QuestionMapper.selectPage_mpCount - ==>  Preparing: SELECT COUNT(*) FROM q
2021-06-21 23:06:55 c.s.n.mapper.QuestionMapper.selectPage_mpCount - ==> Parameters: 
2021-06-21 23:06:55 c.s.n.mapper.QuestionMapper.selectPage_mpCount - <==      Total: 1
2021-06-21 23:06:55 c.stu.nebulablog.mapper.QuestionMapper.selectPage - ==>  Preparing: SELECT q_id,uid,title,author,status,content,date,answer FROM q LIMIT ?
2021-06-21 23:06:55 c.stu.nebulablog.mapper.QuestionMapper.selectPage - ==> Parameters: 5(Long)
2021-06-21 23:06:55 c.stu.nebulablog.mapper.QuestionMapper.selectPage - <==      Total: 2
2021-06-21 23:06:58 com.stu.nebulablog.mapper.UserInfoMapper.selectOne - ==>  Preparing: SELECT username FROM user_info WHERE (uid = ?)
2021-06-21 23:06:58 com.stu.nebulablog.mapper.UserInfoMapper.selectOne - ==> Parameters: 1(Integer)
2021-06-21 23:06:58 com.stu.nebulablog.mapper.UserInfoMapper.selectOne - <==      Total: 1
2021-06-21 23:06:58 c.stu.nebulablog.mapper.ArticleMapper.selectCount - ==>  Preparing: SELECT COUNT( * ) FROM article WHERE (uid = ? AND title = ?)
2021-06-21 23:06:58 c.stu.nebulablog.mapper.ArticleMapper.selectCount - ==> Parameters: 1(Integer), ddd(String)
2021-06-21 23:06:58 c.stu.nebulablog.mapper.ArticleMapper.selectCount - <==      Total: 1
2021-06-21 23:15:00 org.apache.ibatis.logging.LogFactory - Logging initialized using 'class org.apache.ibatis.logging.slf4j.Slf4jImpl' adapter.
2021-06-21 23:15:21 c.s.n.mapper.QuestionMapper.selectPage_mpCount - ==>  Preparing: SELECT COUNT(*) FROM q
2021-06-21 23:15:21 c.s.n.mapper.QuestionMapper.selectPage_mpCount - ==> Parameters: 
2021-06-21 23:15:21 c.s.n.mapper.QuestionMapper.selectPage_mpCount - <==      Total: 1
2021-06-21 23:15:21 c.stu.nebulablog.mapper.QuestionMapper.selectPage - ==>  Preparing: SELECT q_id AS questionId,uid,title,author,status,content,date,answer FROM q LIMIT ?
2021-06-21 23:15:21 c.stu.nebulablog.mapper.QuestionMapper.selectPage - ==> Parameters: 5(Long)
2021-06-21 23:15:21 c.stu.nebulablog.mapper.QuestionMapper.selectPage - <==      Total: 2
2021-06-21 23:15:57 c.s.n.mapper.QuestionMapper.selectPage_mpCount - ==>  Preparing: SELECT COUNT(*) FROM q
2021-06-21 23:15:57 c.s.n.mapper.QuestionMapper.selectPage_mpCount - ==> Parameters: 
2021-06-21 23:15:57 c.s.n.mapper.QuestionMapper.selectPage_mpCount - <==      Total: 1
2021-06-21 23:15:57 c.stu.nebulablog.mapper.QuestionMapper.selectPage - ==>  Preparing: SELECT q_id AS questionId,uid,title,author,status,content,date,answer FROM q LIMIT ?
2021-06-21 23:15:57 c.stu.nebulablog.mapper.QuestionMapper.selectPage - ==> Parameters: 5(Long)
2021-06-21 23:15:57 c.stu.nebulablog.mapper.QuestionMapper.selectPage - <==      Total: 2
2021-06-21 23:16:22 org.apache.ibatis.logging.LogFactory - Logging initialized using 'class org.apache.ibatis.logging.slf4j.Slf4jImpl' adapter.
2021-06-21 23:16:38 c.s.n.mapper.QuestionMapper.selectPage_mpCount - ==>  Preparing: SELECT COUNT(*) FROM q WHERE (title LIKE ? OR author LIKE ?)
2021-06-21 23:16:38 c.s.n.mapper.QuestionMapper.selectPage_mpCount - ==> Parameters: %d%(String), %d%(String)
2021-06-21 23:16:38 c.s.n.mapper.QuestionMapper.selectPage_mpCount - <==      Total: 1
2021-06-21 23:16:38 c.stu.nebulablog.mapper.QuestionMapper.selectPage - ==>  Preparing: SELECT q_id,title,author,date,answer,status FROM q WHERE (title LIKE ? OR author LIKE ?) ORDER BY q_id DESC LIMIT ?
2021-06-21 23:16:38 c.stu.nebulablog.mapper.QuestionMapper.selectPage - ==> Parameters: %d%(String), %d%(String), 5(Long)
2021-06-21 23:16:38 c.stu.nebulablog.mapper.QuestionMapper.selectPage - <==      Total: 1
2021-06-21 23:19:54 org.apache.ibatis.logging.LogFactory - Logging initialized using 'class org.apache.ibatis.logging.slf4j.Slf4jImpl' adapter.
2021-06-21 23:20:09 c.s.n.mapper.QuestionMapper.selectPage_mpCount - ==>  Preparing: SELECT COUNT(*) FROM q WHERE (title LIKE ? OR content LIKE ?)
2021-06-21 23:20:09 c.s.n.mapper.QuestionMapper.selectPage_mpCount - ==> Parameters: %d%(String), %d%(String)
2021-06-21 23:20:09 c.s.n.mapper.QuestionMapper.selectPage_mpCount - <==      Total: 1
2021-06-21 23:20:09 c.stu.nebulablog.mapper.QuestionMapper.selectPage - ==>  Preparing: SELECT q_id AS questionId,title,author,date,answer,status FROM q WHERE (title LIKE ? OR content LIKE ?) ORDER BY q_id DESC LIMIT ?
2021-06-21 23:20:09 c.stu.nebulablog.mapper.QuestionMapper.selectPage - ==> Parameters: %d%(String), %d%(String), 5(Long)
2021-06-21 23:20:09 c.stu.nebulablog.mapper.QuestionMapper.selectPage - <==      Total: 1
2021-06-21 23:23:13 org.apache.ibatis.logging.LogFactory - Logging initialized using 'class org.apache.ibatis.logging.slf4j.Slf4jImpl' adapter.
2021-06-21 23:24:21 org.apache.ibatis.logging.LogFactory - Logging initialized using 'class org.apache.ibatis.logging.slf4j.Slf4jImpl' adapter.
2021-06-21 23:24:37 c.stu.nebulablog.mapper.QuestionMapper.selectById - ==>  Preparing: SELECT q_id AS questionId,uid,title,author,status,content,date,answer FROM q WHERE q_id=?
2021-06-21 23:24:37 c.stu.nebulablog.mapper.QuestionMapper.selectById - ==> Parameters: 1(Integer)
2021-06-21 23:24:37 c.stu.nebulablog.mapper.QuestionMapper.selectById - <==      Total: 1
2021-06-21 23:45:07 org.apache.ibatis.logging.LogFactory - Logging initialized using 'class org.apache.ibatis.logging.slf4j.Slf4jImpl' adapter.
2021-06-21 23:45:48 com.stu.nebulablog.mapper.AnswerMapper.selectList - ==>  Preparing: SELECT aid AS answerId,uid,content,date,qid AS questionId,author,username FROM a WHERE (qid = ?) ORDER BY aid ASC
2021-06-21 23:45:48 com.stu.nebulablog.mapper.AnswerMapper.selectList - ==> Parameters: 1(Integer)
2021-06-21 23:45:48 com.stu.nebulablog.mapper.AnswerMapper.selectList - <==      Total: 1
2021-06-21 23:57:08 org.apache.ibatis.logging.LogFactory - Logging initialized using 'class org.apache.ibatis.logging.slf4j.Slf4jImpl' adapter.
2021-06-21 23:57:28 c.s.n.mapper.ArticleMapper.selectPage_mpCount - ==>  Preparing: SELECT COUNT(*) FROM article
2021-06-21 23:57:28 c.s.n.mapper.ArticleMapper.selectPage_mpCount - ==> Parameters: 
2021-06-21 23:57:28 c.s.n.mapper.ArticleMapper.selectPage_mpCount - <==      Total: 1
2021-06-21 23:57:28 com.stu.nebulablog.mapper.ArticleMapper.selectPage - ==>  Preparing: SELECT art_id AS articleId,author,title,date FROM article LIMIT ?
2021-06-21 23:57:28 com.stu.nebulablog.mapper.ArticleMapper.selectPage - ==> Parameters: 5(Long)
2021-06-21 23:57:28 com.stu.nebulablog.mapper.ArticleMapper.selectPage - <==      Total: 5
2021-06-21 23:57:43 c.s.n.mapper.QuestionMapper.selectPage_mpCount - ==>  Preparing: SELECT COUNT(*) FROM q
2021-06-21 23:57:43 c.s.n.mapper.QuestionMapper.selectPage_mpCount - ==> Parameters: 
2021-06-21 23:57:43 c.s.n.mapper.QuestionMapper.selectPage_mpCount - <==      Total: 1
2021-06-21 23:57:43 c.stu.nebulablog.mapper.QuestionMapper.selectPage - ==>  Preparing: SELECT q_id AS questionId,uid,title,author,status,content,date,answer FROM q LIMIT ?
2021-06-21 23:57:43 c.stu.nebulablog.mapper.QuestionMapper.selectPage - ==> Parameters: 5(Long)
2021-06-21 23:57:43 c.stu.nebulablog.mapper.QuestionMapper.selectPage - <==      Total: 2
2021-06-21 23:58:28 c.s.n.mapper.ArticleMapper.selectPage_mpCount - ==>  Preparing: SELECT COUNT(*) FROM article
2021-06-21 23:58:28 c.s.n.mapper.ArticleMapper.selectPage_mpCount - ==> Parameters: 
2021-06-21 23:58:28 c.s.n.mapper.ArticleMapper.selectPage_mpCount - <==      Total: 1
2021-06-21 23:58:28 com.stu.nebulablog.mapper.ArticleMapper.selectPage - ==>  Preparing: SELECT art_id AS articleId,author,title,date FROM article LIMIT ?
2021-06-21 23:58:28 com.stu.nebulablog.mapper.ArticleMapper.selectPage - ==> Parameters: 5(Long)
2021-06-21 23:58:28 com.stu.nebulablog.mapper.ArticleMapper.selectPage - <==      Total: 5
2021-06-21 23:59:25 c.s.n.mapper.QuestionMapper.selectPage_mpCount - ==>  Preparing: SELECT COUNT(*) FROM q
2021-06-21 23:59:25 c.s.n.mapper.QuestionMapper.selectPage_mpCount - ==> Parameters: 
2021-06-21 23:59:25 c.s.n.mapper.QuestionMapper.selectPage_mpCount - <==      Total: 1
2021-06-21 23:59:25 c.stu.nebulablog.mapper.QuestionMapper.selectPage - ==>  Preparing: SELECT q_id AS questionId,uid,title,author,status,content,date,answer FROM q LIMIT ?
2021-06-21 23:59:25 c.stu.nebulablog.mapper.QuestionMapper.selectPage - ==> Parameters: 5(Long)
2021-06-21 23:59:25 c.stu.nebulablog.mapper.QuestionMapper.selectPage - <==      Total: 2
